<?xml version="1.0" encoding="UTF-8"?>
<testsuite xmlns:xsi="http://www.w3.org/2001/XMLSchema-instance" xsi:noNamespaceSchemaLocation="https://maven.apache.org/surefire/maven-surefire-plugin/xsd/surefire-test-report.xsd" name="org.codejudge.sb.ApplicationTests" time="0.027" tests="1" errors="0" skipped="1" failures="0">
  <properties>
[...]
</properties>
  <testcase name="contextLoads" classname="org.codejudge.sb.ApplicationTests" time="0">
    <skipped/>
    <system-out><![CDATA[14:44:05.520 [main] DEBUG org.springframework.test.context.junit4.SpringJUnit4ClassRunner - SpringJUnit4ClassRunner constructor called with [class org.codejudge.sb.ApplicationTests]
14:44:05.526 [main] DEBUG org.springframework.test.context.BootstrapUtils - Instantiating CacheAwareContextLoaderDelegate from class [org.springframework.test.context.cache.DefaultCacheAwareContextLoaderDelegate]
14:44:05.539 [main] DEBUG org.springframework.test.context.BootstrapUtils - Instantiating BootstrapContext using constructor [public org.springframework.test.context.support.DefaultBootstrapContext(java.lang.Class,org.springframework.test.context.CacheAwareContextLoaderDelegate)]
14:44:05.614 [main] DEBUG org.springframework.test.context.BootstrapUtils - Instantiating TestContextBootstrapper for test class [org.codejudge.sb.ApplicationTests] from class [org.springframework.boot.test.context.SpringBootTestContextBootstrapper]
14:44:05.643 [main] INFO org.springframework.boot.test.context.SpringBootTestContextBootstrapper - Neither @ContextConfiguration nor @ContextHierarchy found for test class [org.codejudge.sb.ApplicationTests], using SpringBootContextLoader
14:44:05.651 [main] DEBUG org.springframework.test.context.support.AbstractContextLoader - Did not detect default resource location for test class [org.codejudge.sb.ApplicationTests]: class path resource [org/codejudge/sb/ApplicationTests-context.xml] does not exist
14:44:05.651 [main] DEBUG org.springframework.test.context.support.AbstractContextLoader - Did not detect default resource location for test class [org.codejudge.sb.ApplicationTests]: class path resource [org/codejudge/sb/ApplicationTestsContext.groovy] does not exist
14:44:05.652 [main] INFO org.springframework.test.context.support.AbstractContextLoader - Could not detect default resource locations for test class [org.codejudge.sb.ApplicationTests]: no resource found for suffixes {-context.xml, Context.groovy}.
14:44:05.653 [main] INFO org.springframework.test.context.support.AnnotationConfigContextLoaderUtils - Could not detect default configuration classes for test class [org.codejudge.sb.ApplicationTests]: ApplicationTests does not declare any static, non-private, non-final, nested classes annotated with @Configuration.
14:44:05.721 [main] DEBUG org.springframework.test.context.support.ActiveProfilesUtils - Could not find an 'annotation declaring class' for annotation type [org.springframework.test.context.ActiveProfiles] and class [org.codejudge.sb.ApplicationTests]
14:44:05.845 [main] DEBUG org.springframework.context.annotation.ClassPathScanningCandidateComponentProvider - Identified candidate component class: file [/tmp/target/classes/org/codejudge/sb/Application.class]
14:44:05.848 [main] INFO org.springframework.boot.test.context.SpringBootTestContextBootstrapper - Found @SpringBootConfiguration org.codejudge.sb.Application for test class org.codejudge.sb.ApplicationTests
14:44:06.027 [main] DEBUG org.springframework.boot.test.context.SpringBootTestContextBootstrapper - @TestExecutionListeners is not present for class [org.codejudge.sb.ApplicationTests]: using defaults.
14:44:06.028 [main] INFO org.springframework.boot.test.context.SpringBootTestContextBootstrapper - Loaded default TestExecutionListener class names from location [META-INF/spring.factories]: [org.springframework.boot.test.mock.mockito.MockitoTestExecutionListener, org.springframework.boot.test.mock.mockito.ResetMocksTestExecutionListener, org.springframework.boot.test.autoconfigure.restdocs.RestDocsTestExecutionListener, org.springframework.boot.test.autoconfigure.web.client.MockRestServiceServerResetTestExecutionListener, org.springframework.boot.test.autoconfigure.web.servlet.MockMvcPrintOnlyOnFailureTestExecutionListener, org.springframework.boot.test.autoconfigure.web.servlet.WebDriverTestExecutionListener, org.springframework.test.context.web.ServletTestExecutionListener, org.springframework.test.context.support.DirtiesContextBeforeModesTestExecutionListener, org.springframework.test.context.support.DependencyInjectionTestExecutionListener, org.springframework.test.context.support.DirtiesContextTestExecutionListener, org.springframework.test.context.transaction.TransactionalTestExecutionListener, org.springframework.test.context.jdbc.SqlScriptsTestExecutionListener, org.springframework.test.context.event.EventPublishingTestExecutionListener]
14:44:06.058 [main] INFO org.springframework.boot.test.context.SpringBootTestContextBootstrapper - Using TestExecutionListeners: [org.springframework.test.context.web.ServletTestExecutionListener@152aa092, org.springframework.test.context.support.DirtiesContextBeforeModesTestExecutionListener@44a7bfbc, org.springframework.boot.test.mock.mockito.MockitoTestExecutionListener@4ef37659, org.springframework.boot.test.autoconfigure.SpringBootDependencyInjectionTestExecutionListener@776b83cc, org.springframework.test.context.support.DirtiesContextTestExecutionListener@37858383, org.springframework.test.context.transaction.TransactionalTestExecutionListener@4e268090, org.springframework.test.context.jdbc.SqlScriptsTestExecutionListener@1bb266b3, org.springframework.test.context.event.EventPublishingTestExecutionListener@306cf3ea, org.springframework.boot.test.mock.mockito.ResetMocksTestExecutionListener@2beee7ff, org.springframework.boot.test.autoconfigure.restdocs.RestDocsTestExecutionListener@5136d012, org.springframework.boot.test.autoconfigure.web.client.MockRestServiceServerResetTestExecutionListener@5939a379, org.springframework.boot.test.autoconfigure.web.servlet.MockMvcPrintOnlyOnFailureTestExecutionListener@e1de817, org.springframework.boot.test.autoconfigure.web.servlet.WebDriverTestExecutionListener@52102734]
14:44:06.064 [main] DEBUG org.springframework.test.annotation.ProfileValueUtils - Retrieved @ProfileValueSourceConfiguration [null] for test class [org.codejudge.sb.ApplicationTests]
14:44:06.066 [main] DEBUG org.springframework.test.annotation.ProfileValueUtils - Retrieved ProfileValueSource type [class org.springframework.test.annotation.SystemProfileValueSource] for class [org.codejudge.sb.ApplicationTests]
14:44:07.182 [main] DEBUG org.springframework.test.context.junit4.SpringJUnit4ClassRunner - SpringJUnit4ClassRunner constructor called with [class org.codejudge.sb.ApplicationTests]
14:44:07.186 [main] DEBUG org.springframework.test.context.BootstrapUtils - Instantiating CacheAwareContextLoaderDelegate from class [org.springframework.test.context.cache.DefaultCacheAwareContextLoaderDelegate]
14:44:07.190 [main] DEBUG org.springframework.test.context.BootstrapUtils - Instantiating BootstrapContext using constructor [public org.springframework.test.context.support.DefaultBootstrapContext(java.lang.Class,org.springframework.test.context.CacheAwareContextLoaderDelegate)]
14:44:07.195 [main] DEBUG org.springframework.test.context.BootstrapUtils - Instantiating TestContextBootstrapper for test class [org.codejudge.sb.ApplicationTests] from class [org.springframework.boot.test.context.SpringBootTestContextBootstrapper]
14:44:07.201 [main] INFO org.springframework.boot.test.context.SpringBootTestContextBootstrapper - Neither @ContextConfiguration nor @ContextHierarchy found for test class [org.codejudge.sb.ApplicationTests], using SpringBootContextLoader
14:44:07.206 [main] DEBUG org.springframework.test.context.support.AbstractContextLoader - Did not detect default resource location for test class [org.codejudge.sb.ApplicationTests]: class path resource [org/codejudge/sb/ApplicationTests-context.xml] does not exist
14:44:07.211 [main] DEBUG org.springframework.test.context.support.AbstractContextLoader - Did not detect default resource location for test class [org.codejudge.sb.ApplicationTests]: class path resource [org/codejudge/sb/ApplicationTestsContext.groovy] does not exist
14:44:07.215 [main] INFO org.springframework.test.context.support.AbstractContextLoader - Could not detect default resource locations for test class [org.codejudge.sb.ApplicationTests]: no resource found for suffixes {-context.xml, Context.groovy}.
14:44:07.219 [main] INFO org.springframework.test.context.support.AnnotationConfigContextLoaderUtils - Could not detect default configuration classes for test class [org.codejudge.sb.ApplicationTests]: ApplicationTests does not declare any static, non-private, non-final, nested classes annotated with @Configuration.
14:44:07.228 [main] DEBUG org.springframework.test.context.support.ActiveProfilesUtils - Could not find an 'annotation declaring class' for annotation type [org.springframework.test.context.ActiveProfiles] and class [org.codejudge.sb.ApplicationTests]
14:44:07.232 [main] INFO org.springframework.boot.test.context.SpringBootTestContextBootstrapper - Found @SpringBootConfiguration org.codejudge.sb.Application for test class org.codejudge.sb.ApplicationTests
14:44:07.238 [main] DEBUG org.springframework.boot.test.context.SpringBootTestContextBootstrapper - @TestExecutionListeners is not present for class [org.codejudge.sb.ApplicationTests]: using defaults.
14:44:07.242 [main] INFO org.springframework.boot.test.context.SpringBootTestContextBootstrapper - Loaded default TestExecutionListener class names from location [META-INF/spring.factories]: [org.springframework.boot.test.mock.mockito.MockitoTestExecutionListener, org.springframework.boot.test.mock.mockito.ResetMocksTestExecutionListener, org.springframework.boot.test.autoconfigure.restdocs.RestDocsTestExecutionListener, org.springframework.boot.test.autoconfigure.web.client.MockRestServiceServerResetTestExecutionListener, org.springframework.boot.test.autoconfigure.web.servlet.MockMvcPrintOnlyOnFailureTestExecutionListener, org.springframework.boot.test.autoconfigure.web.servlet.WebDriverTestExecutionListener, org.springframework.test.context.web.ServletTestExecutionListener, org.springframework.test.context.support.DirtiesContextBeforeModesTestExecutionListener, org.springframework.test.context.support.DependencyInjectionTestExecutionListener, org.springframework.test.context.support.DirtiesContextTestExecutionListener, org.springframework.test.context.transaction.TransactionalTestExecutionListener, org.springframework.test.context.jdbc.SqlScriptsTestExecutionListener, org.springframework.test.context.event.EventPublishingTestExecutionListener]
14:44:07.255 [main] INFO org.springframework.boot.test.context.SpringBootTestContextBootstrapper - Using TestExecutionListeners: [org.springframework.test.context.web.ServletTestExecutionListener@60b4beb4, org.springframework.test.context.support.DirtiesContextBeforeModesTestExecutionListener@7fcf2fc1, org.springframework.boot.test.mock.mockito.MockitoTestExecutionListener@2141a12, org.springframework.boot.test.autoconfigure.SpringBootDependencyInjectionTestExecutionListener@4196c360, org.springframework.test.context.support.DirtiesContextTestExecutionListener@41294f8, org.springframework.test.context.transaction.TransactionalTestExecutionListener@225129c, org.springframework.test.context.jdbc.SqlScriptsTestExecutionListener@20435c40, org.springframework.test.context.event.EventPublishingTestExecutionListener@573906eb, org.springframework.boot.test.mock.mockito.ResetMocksTestExecutionListener@479ceda0, org.springframework.boot.test.autoconfigure.restdocs.RestDocsTestExecutionListener@6d07a63d, org.springframework.boot.test.autoconfigure.web.client.MockRestServiceServerResetTestExecutionListener@571c5681, org.springframework.boot.test.autoconfigure.web.servlet.MockMvcPrintOnlyOnFailureTestExecutionListener@488d1cd7, org.springframework.boot.test.autoconfigure.web.servlet.WebDriverTestExecutionListener@68dc098b]
14:44:07.258 [main] DEBUG org.springframework.test.annotation.ProfileValueUtils - Retrieved @ProfileValueSourceConfiguration [null] for test class [org.codejudge.sb.ApplicationTests]
14:44:07.259 [main] DEBUG org.springframework.test.annotation.ProfileValueUtils - Retrieved ProfileValueSource type [class org.springframework.test.annotation.SystemProfileValueSource] for class [org.codejudge.sb.ApplicationTests]
14:44:07.714 [main] DEBUG org.springframework.test.annotation.ProfileValueUtils - Retrieved @ProfileValueSourceConfiguration [null] for test class [org.codejudge.sb.ApplicationTests]
14:44:07.716 [main] DEBUG org.springframework.test.annotation.ProfileValueUtils - Retrieved ProfileValueSource type [class org.springframework.test.annotation.SystemProfileValueSource] for class [org.codejudge.sb.ApplicationTests]
14:44:07.723 [main] DEBUG org.springframework.test.annotation.ProfileValueUtils - Retrieved @ProfileValueSourceConfiguration [null] for test class [org.codejudge.sb.ApplicationTests]
14:44:07.723 [main] DEBUG org.springframework.test.annotation.ProfileValueUtils - Retrieved ProfileValueSource type [class org.springframework.test.annotation.SystemProfileValueSource] for class [org.codejudge.sb.ApplicationTests]
14:44:07.724 [main] DEBUG org.springframework.test.annotation.ProfileValueUtils - Retrieved @ProfileValueSourceConfiguration [null] for test class [org.codejudge.sb.ApplicationTests]
14:44:07.724 [main] DEBUG org.springframework.test.annotation.ProfileValueUtils - Retrieved ProfileValueSource type [class org.springframework.test.annotation.SystemProfileValueSource] for class [org.codejudge.sb.ApplicationTests]
]]></system-out>
    <system-err><![CDATA[May 25, 2020 2:44:07 PM org.junit.vintage.engine.discovery.DefensiveAllDefaultPossibilitiesBuilder$DefensiveAnnotatedBuilder buildRunner
WARNING: Ignoring test class using JUnitPlatform runner: org.codejudge.sb.SimpleClassTest
May 25, 2020 2:44:07 PM org.junit.vintage.engine.discovery.DefensiveAllDefaultPossibilitiesBuilder$DefensiveAnnotatedBuilder buildRunner
WARNING: Ignoring test class using JUnitPlatform runner: org.codejudge.sb.ModerateClassTest
May 25, 2020 2:44:07 PM org.junit.vintage.engine.discovery.DefensiveAllDefaultPossibilitiesBuilder$DefensiveAnnotatedBuilder buildRunner
WARNING: Ignoring test class using JUnitPlatform runner: org.codejudge.sb.SimpleClassTest
May 25, 2020 2:44:07 PM org.junit.vintage.engine.discovery.DefensiveAllDefaultPossibilitiesBuilder$DefensiveAnnotatedBuilder buildRunner
WARNING: Ignoring test class using JUnitPlatform runner: org.codejudge.sb.ModerateClassTest
]]></system-err>
  </testcase>
</testsuite>